The system is: Linux - 5.14.8-arch1-1 - x86_64
Compiling the CXX compiler identification source file "CMakeCXXCompilerId.cpp" succeeded.
Compiler: /home/liquidsquid/x-tools/avr/bin/avr-g++ 
Build flags: 
Id flags:  

The output was:
0


Compilation of the CXX compiler identification source "CMakeCXXCompilerId.cpp" produced "a.out"

The CXX compiler identification is GNU, found in "/home/liquidsquid/EAGLE/projects/AquariumDaglig/firmware/build/CMakeFiles/3.21.3/CompilerIdCXX/a.out"

Detecting CXX compiler ABI info compiled with the following output:
Change Dir: /home/liquidsquid/EAGLE/projects/AquariumDaglig/firmware/build/CMakeFiles/CMakeTmp

Run Build Command(s):/usr/bin/ninja cmTC_a11c4 && [1/2] Building CXX object CMakeFiles/cmTC_a11c4.dir/CMakeCXXCompilerABI.cpp.o
Using built-in specs.
Reading specs from /home/liquidsquid/x-tools/avr/lib/gcc/avr/10.0.1/device-specs/specs-avr2
COLLECT_GCC=/home/liquidsquid/x-tools/avr/bin/avr-g++
Target: avr
Configured with: ../configure --prefix=/home/liquidsquid/x-tools/avr/ --target=avr --enable-languages=c,c++ --disable-nls --disable-libssp --with-dwarf2
Thread model: single
Supported LTO compression algorithms: zlib zstd
gcc version 10.0.1 20200306 (experimental) (GCC) 
COLLECT_GCC_OPTIONS='-v' '-o' 'CMakeFiles/cmTC_a11c4.dir/CMakeCXXCompilerABI.cpp.o' '-c' '-mdouble=32' '-mlong-double=64' '-specs=device-specs/specs-avr2'
 /home/liquidsquid/x-tools/avr/libexec/gcc/avr/10.0.1/cc1plus -quiet -v /usr/share/cmake-3.21/Modules/CMakeCXXCompilerABI.cpp -mn-flash=6 -mskip-bug -quiet -dumpbase CMakeCXXCompilerABI.cpp -mdouble=32 -mlong-double=64 -auxbase-strip CMakeFiles/cmTC_a11c4.dir/CMakeCXXCompilerABI.cpp.o -version -mn-flash=6 -mskip-bug -fno-rtti -fno-enforce-eh-specs -fno-exceptions -o /tmp/ccGikjru.s
GNU C++14 (GCC) version 10.0.1 20200306 (experimental) (avr)
	compiled by GNU C version 9.2.1 20200130, GMP version 6.2.0, MPFR version 4.0.2, MPC version 1.1.0, isl version none
warning: GMP header version 6.2.0 differs from library version 6.2.1.
warning: MPFR header version 4.0.2 differs from library version 4.1.0-p13.
warning: MPC header version 1.1.0 differs from library version 1.2.1.
GGC heuristics: --param ggc-min-expand=30 --param ggc-min-heapsize=4096
ignoring nonexistent directory "/home/liquidsquid/x-tools/avr/lib/gcc/avr/10.0.1/../../../../avr/include/c++/10.0.1"
ignoring nonexistent directory "/home/liquidsquid/x-tools/avr/lib/gcc/avr/10.0.1/../../../../avr/include/c++/10.0.1/avr"
ignoring nonexistent directory "/home/liquidsquid/x-tools/avr/lib/gcc/avr/10.0.1/../../../../avr/include/c++/10.0.1/backward"
ignoring nonexistent directory "/home/liquidsquid/x-tools/avr/lib/gcc/avr/10.0.1/../../../../avr/sys-include"
#include "..." search starts here:
#include <...> search starts here:
 /home/liquidsquid/x-tools/avr/lib/gcc/avr/10.0.1/include
 /home/liquidsquid/x-tools/avr/lib/gcc/avr/10.0.1/include-fixed
 /home/liquidsquid/x-tools/avr/lib/gcc/avr/10.0.1/../../../../avr/include
End of search list.
GNU C++14 (GCC) version 10.0.1 20200306 (experimental) (avr)
	compiled by GNU C version 9.2.1 20200130, GMP version 6.2.0, MPFR version 4.0.2, MPC version 1.1.0, isl version none
warning: GMP header version 6.2.0 differs from library version 6.2.1.
warning: MPFR header version 4.0.2 differs from library version 4.1.0-p13.
warning: MPC header version 1.1.0 differs from library version 1.2.1.
GGC heuristics: --param ggc-min-expand=30 --param ggc-min-heapsize=4096
Compiler executable checksum: 8b99d3c11eed3800bb677521d99917d2
COLLECT_GCC_OPTIONS='-v' '-o' 'CMakeFiles/cmTC_a11c4.dir/CMakeCXXCompilerABI.cpp.o' '-c' '-mdouble=32' '-mlong-double=64' '-specs=device-specs/specs-avr2'
 /home/liquidsquid/x-tools/avr/lib/gcc/avr/10.0.1/../../../../avr/bin/as -mmcu=avr2 -mgcc-isr -o CMakeFiles/cmTC_a11c4.dir/CMakeCXXCompilerABI.cpp.o /tmp/ccGikjru.s
COMPILER_PATH=/home/liquidsquid/x-tools/avr/libexec/gcc/avr/10.0.1/:/home/liquidsquid/x-tools/avr/libexec/gcc/avr/10.0.1/:/home/liquidsquid/x-tools/avr/libexec/gcc/avr/:/home/liquidsquid/x-tools/avr/lib/gcc/avr/10.0.1/:/home/liquidsquid/x-tools/avr/lib/gcc/avr/:/home/liquidsquid/x-tools/avr/lib/gcc/avr/10.0.1/../../../../avr/bin/
LIBRARY_PATH=/home/liquidsquid/x-tools/avr/lib/gcc/avr/10.0.1/:/home/liquidsquid/x-tools/avr/lib/gcc/avr/10.0.1/../../../../avr/lib/
COLLECT_GCC_OPTIONS='-v' '-o' 'CMakeFiles/cmTC_a11c4.dir/CMakeCXXCompilerABI.cpp.o' '-c' '-mdouble=32' '-mlong-double=64' '-specs=device-specs/specs-avr2'
[2/2] Linking CXX executable cmTC_a11c4
Using built-in specs.
Reading specs from /home/liquidsquid/x-tools/avr/lib/gcc/avr/10.0.1/device-specs/specs-avr2
COLLECT_GCC=/home/liquidsquid/x-tools/avr/bin/avr-g++
COLLECT_LTO_WRAPPER=/home/liquidsquid/x-tools/avr/libexec/gcc/avr/10.0.1/lto-wrapper
Target: avr
Configured with: ../configure --prefix=/home/liquidsquid/x-tools/avr/ --target=avr --enable-languages=c,c++ --disable-nls --disable-libssp --with-dwarf2
Thread model: single
Supported LTO compression algorithms: zlib zstd
gcc version 10.0.1 20200306 (experimental) (GCC) 
COMPILER_PATH=/home/liquidsquid/x-tools/avr/libexec/gcc/avr/10.0.1/:/home/liquidsquid/x-tools/avr/libexec/gcc/avr/10.0.1/:/home/liquidsquid/x-tools/avr/libexec/gcc/avr/:/home/liquidsquid/x-tools/avr/lib/gcc/avr/10.0.1/:/home/liquidsquid/x-tools/avr/lib/gcc/avr/:/home/liquidsquid/x-tools/avr/lib/gcc/avr/10.0.1/../../../../avr/bin/
LIBRARY_PATH=/home/liquidsquid/x-tools/avr/lib/gcc/avr/10.0.1/:/home/liquidsquid/x-tools/avr/lib/gcc/avr/10.0.1/../../../../avr/lib/
COLLECT_GCC_OPTIONS='-v' '-o' 'cmTC_a11c4' '-mdouble=32' '-mlong-double=64' '-specs=device-specs/specs-avr2'
 /home/liquidsquid/x-tools/avr/libexec/gcc/avr/10.0.1/collect2 -plugin /home/liquidsquid/x-tools/avr/libexec/gcc/avr/10.0.1/liblto_plugin.so -plugin-opt=/home/liquidsquid/x-tools/avr/libexec/gcc/avr/10.0.1/lto-wrapper -plugin-opt=-fresolution=/tmp/ccQVzgpg.res -plugin-opt=-pass-through=-lgcc -plugin-opt=-pass-through=-lm -plugin-opt=-pass-through=-lc -o cmTC_a11c4 -L/home/liquidsquid/x-tools/avr/lib/gcc/avr/10.0.1 -L/home/liquidsquid/x-tools/avr/lib/gcc/avr/10.0.1/../../../../avr/lib CMakeFiles/cmTC_a11c4.dir/CMakeCXXCompilerABI.cpp.o -lgcc -lm --start-group -lgcc -lm -lc --end-group
COLLECT_GCC_OPTIONS='-v' '-o' 'cmTC_a11c4' '-mdouble=32' '-mlong-double=64' '-specs=device-specs/specs-avr2'



Parsed CXX implicit include dir info from above output: rv=done
  found start of include info
  found start of implicit include info
    add: [/home/liquidsquid/x-tools/avr/lib/gcc/avr/10.0.1/include]
    add: [/home/liquidsquid/x-tools/avr/lib/gcc/avr/10.0.1/include-fixed]
    add: [/home/liquidsquid/x-tools/avr/lib/gcc/avr/10.0.1/../../../../avr/include]
  end of search list found
  collapse include dir [/home/liquidsquid/x-tools/avr/lib/gcc/avr/10.0.1/include] ==> [/home/liquidsquid/x-tools/avr/lib/gcc/avr/10.0.1/include]
  collapse include dir [/home/liquidsquid/x-tools/avr/lib/gcc/avr/10.0.1/include-fixed] ==> [/home/liquidsquid/x-tools/avr/lib/gcc/avr/10.0.1/include-fixed]
  collapse include dir [/home/liquidsquid/x-tools/avr/lib/gcc/avr/10.0.1/../../../../avr/include] ==> [/home/liquidsquid/x-tools/avr/avr/include]
  implicit include dirs: [/home/liquidsquid/x-tools/avr/lib/gcc/avr/10.0.1/include;/home/liquidsquid/x-tools/avr/lib/gcc/avr/10.0.1/include-fixed;/home/liquidsquid/x-tools/avr/avr/include]


Parsed CXX implicit link information from above output:
  link line regex: [^( *|.*[/\])(avr-ld|CMAKE_LINK_STARTFILE-NOTFOUND|([^/\]+-)?ld|collect2)[^/\]*( |$)]
  ignore line: [Change Dir: /home/liquidsquid/EAGLE/projects/AquariumDaglig/firmware/build/CMakeFiles/CMakeTmp]
  ignore line: []
  ignore line: [Run Build Command(s):/usr/bin/ninja cmTC_a11c4 && [1/2] Building CXX object CMakeFiles/cmTC_a11c4.dir/CMakeCXXCompilerABI.cpp.o]
  ignore line: [Using built-in specs.]
  ignore line: [Reading specs from /home/liquidsquid/x-tools/avr/lib/gcc/avr/10.0.1/device-specs/specs-avr2]
  ignore line: [COLLECT_GCC=/home/liquidsquid/x-tools/avr/bin/avr-g++]
  ignore line: [Target: avr]
  ignore line: [Configured with: ../configure --prefix=/home/liquidsquid/x-tools/avr/ --target=avr --enable-languages=c c++ --disable-nls --disable-libssp --with-dwarf2]
  ignore line: [Thread model: single]
  ignore line: [Supported LTO compression algorithms: zlib zstd]
  ignore line: [gcc version 10.0.1 20200306 (experimental) (GCC) ]
  ignore line: [COLLECT_GCC_OPTIONS='-v' '-o' 'CMakeFiles/cmTC_a11c4.dir/CMakeCXXCompilerABI.cpp.o' '-c' '-mdouble=32' '-mlong-double=64' '-specs=device-specs/specs-avr2']
  ignore line: [ /home/liquidsquid/x-tools/avr/libexec/gcc/avr/10.0.1/cc1plus -quiet -v /usr/share/cmake-3.21/Modules/CMakeCXXCompilerABI.cpp -mn-flash=6 -mskip-bug -quiet -dumpbase CMakeCXXCompilerABI.cpp -mdouble=32 -mlong-double=64 -auxbase-strip CMakeFiles/cmTC_a11c4.dir/CMakeCXXCompilerABI.cpp.o -version -mn-flash=6 -mskip-bug -fno-rtti -fno-enforce-eh-specs -fno-exceptions -o /tmp/ccGikjru.s]
  ignore line: [GNU C++14 (GCC) version 10.0.1 20200306 (experimental) (avr)]
  ignore line: [	compiled by GNU C version 9.2.1 20200130  GMP version 6.2.0  MPFR version 4.0.2  MPC version 1.1.0  isl version none]
  ignore line: [warning: GMP header version 6.2.0 differs from library version 6.2.1.]
  ignore line: [warning: MPFR header version 4.0.2 differs from library version 4.1.0-p13.]
  ignore line: [warning: MPC header version 1.1.0 differs from library version 1.2.1.]
  ignore line: [GGC heuristics: --param ggc-min-expand=30 --param ggc-min-heapsize=4096]
  ignore line: [ignoring nonexistent directory "/home/liquidsquid/x-tools/avr/lib/gcc/avr/10.0.1/../../../../avr/include/c++/10.0.1"]
  ignore line: [ignoring nonexistent directory "/home/liquidsquid/x-tools/avr/lib/gcc/avr/10.0.1/../../../../avr/include/c++/10.0.1/avr"]
  ignore line: [ignoring nonexistent directory "/home/liquidsquid/x-tools/avr/lib/gcc/avr/10.0.1/../../../../avr/include/c++/10.0.1/backward"]
  ignore line: [ignoring nonexistent directory "/home/liquidsquid/x-tools/avr/lib/gcc/avr/10.0.1/../../../../avr/sys-include"]
  ignore line: [#include "..." search starts here:]
  ignore line: [#include <...> search starts here:]
  ignore line: [ /home/liquidsquid/x-tools/avr/lib/gcc/avr/10.0.1/include]
  ignore line: [ /home/liquidsquid/x-tools/avr/lib/gcc/avr/10.0.1/include-fixed]
  ignore line: [ /home/liquidsquid/x-tools/avr/lib/gcc/avr/10.0.1/../../../../avr/include]
  ignore line: [End of search list.]
  ignore line: [GNU C++14 (GCC) version 10.0.1 20200306 (experimental) (avr)]
  ignore line: [	compiled by GNU C version 9.2.1 20200130  GMP version 6.2.0  MPFR version 4.0.2  MPC version 1.1.0  isl version none]
  ignore line: [warning: GMP header version 6.2.0 differs from library version 6.2.1.]
  ignore line: [warning: MPFR header version 4.0.2 differs from library version 4.1.0-p13.]
  ignore line: [warning: MPC header version 1.1.0 differs from library version 1.2.1.]
  ignore line: [GGC heuristics: --param ggc-min-expand=30 --param ggc-min-heapsize=4096]
  ignore line: [Compiler executable checksum: 8b99d3c11eed3800bb677521d99917d2]
  ignore line: [COLLECT_GCC_OPTIONS='-v' '-o' 'CMakeFiles/cmTC_a11c4.dir/CMakeCXXCompilerABI.cpp.o' '-c' '-mdouble=32' '-mlong-double=64' '-specs=device-specs/specs-avr2']
  ignore line: [ /home/liquidsquid/x-tools/avr/lib/gcc/avr/10.0.1/../../../../avr/bin/as -mmcu=avr2 -mgcc-isr -o CMakeFiles/cmTC_a11c4.dir/CMakeCXXCompilerABI.cpp.o /tmp/ccGikjru.s]
  ignore line: [COMPILER_PATH=/home/liquidsquid/x-tools/avr/libexec/gcc/avr/10.0.1/:/home/liquidsquid/x-tools/avr/libexec/gcc/avr/10.0.1/:/home/liquidsquid/x-tools/avr/libexec/gcc/avr/:/home/liquidsquid/x-tools/avr/lib/gcc/avr/10.0.1/:/home/liquidsquid/x-tools/avr/lib/gcc/avr/:/home/liquidsquid/x-tools/avr/lib/gcc/avr/10.0.1/../../../../avr/bin/]
  ignore line: [LIBRARY_PATH=/home/liquidsquid/x-tools/avr/lib/gcc/avr/10.0.1/:/home/liquidsquid/x-tools/avr/lib/gcc/avr/10.0.1/../../../../avr/lib/]
  ignore line: [COLLECT_GCC_OPTIONS='-v' '-o' 'CMakeFiles/cmTC_a11c4.dir/CMakeCXXCompilerABI.cpp.o' '-c' '-mdouble=32' '-mlong-double=64' '-specs=device-specs/specs-avr2']
  ignore line: [[2/2] Linking CXX executable cmTC_a11c4]
  ignore line: [Using built-in specs.]
  ignore line: [Reading specs from /home/liquidsquid/x-tools/avr/lib/gcc/avr/10.0.1/device-specs/specs-avr2]
  ignore line: [COLLECT_GCC=/home/liquidsquid/x-tools/avr/bin/avr-g++]
  ignore line: [COLLECT_LTO_WRAPPER=/home/liquidsquid/x-tools/avr/libexec/gcc/avr/10.0.1/lto-wrapper]
  ignore line: [Target: avr]
  ignore line: [Configured with: ../configure --prefix=/home/liquidsquid/x-tools/avr/ --target=avr --enable-languages=c c++ --disable-nls --disable-libssp --with-dwarf2]
  ignore line: [Thread model: single]
  ignore line: [Supported LTO compression algorithms: zlib zstd]
  ignore line: [gcc version 10.0.1 20200306 (experimental) (GCC) ]
  ignore line: [COMPILER_PATH=/home/liquidsquid/x-tools/avr/libexec/gcc/avr/10.0.1/:/home/liquidsquid/x-tools/avr/libexec/gcc/avr/10.0.1/:/home/liquidsquid/x-tools/avr/libexec/gcc/avr/:/home/liquidsquid/x-tools/avr/lib/gcc/avr/10.0.1/:/home/liquidsquid/x-tools/avr/lib/gcc/avr/:/home/liquidsquid/x-tools/avr/lib/gcc/avr/10.0.1/../../../../avr/bin/]
  ignore line: [LIBRARY_PATH=/home/liquidsquid/x-tools/avr/lib/gcc/avr/10.0.1/:/home/liquidsquid/x-tools/avr/lib/gcc/avr/10.0.1/../../../../avr/lib/]
  ignore line: [COLLECT_GCC_OPTIONS='-v' '-o' 'cmTC_a11c4' '-mdouble=32' '-mlong-double=64' '-specs=device-specs/specs-avr2']
  link line: [ /home/liquidsquid/x-tools/avr/libexec/gcc/avr/10.0.1/collect2 -plugin /home/liquidsquid/x-tools/avr/libexec/gcc/avr/10.0.1/liblto_plugin.so -plugin-opt=/home/liquidsquid/x-tools/avr/libexec/gcc/avr/10.0.1/lto-wrapper -plugin-opt=-fresolution=/tmp/ccQVzgpg.res -plugin-opt=-pass-through=-lgcc -plugin-opt=-pass-through=-lm -plugin-opt=-pass-through=-lc -o cmTC_a11c4 -L/home/liquidsquid/x-tools/avr/lib/gcc/avr/10.0.1 -L/home/liquidsquid/x-tools/avr/lib/gcc/avr/10.0.1/../../../../avr/lib CMakeFiles/cmTC_a11c4.dir/CMakeCXXCompilerABI.cpp.o -lgcc -lm --start-group -lgcc -lm -lc --end-group]
    arg [/home/liquidsquid/x-tools/avr/libexec/gcc/avr/10.0.1/collect2] ==> ignore
    arg [-plugin] ==> ignore
    arg [/home/liquidsquid/x-tools/avr/libexec/gcc/avr/10.0.1/liblto_plugin.so] ==> ignore
    arg [-plugin-opt=/home/liquidsquid/x-tools/avr/libexec/gcc/avr/10.0.1/lto-wrapper] ==> ignore
    arg [-plugin-opt=-fresolution=/tmp/ccQVzgpg.res] ==> ignore
    arg [-plugin-opt=-pass-through=-lgcc] ==> ignore
    arg [-plugin-opt=-pass-through=-lm] ==> ignore
    arg [-plugin-opt=-pass-through=-lc] ==> ignore
    arg [-o] ==> ignore
    arg [cmTC_a11c4] ==> ignore
    arg [-L/home/liquidsquid/x-tools/avr/lib/gcc/avr/10.0.1] ==> dir [/home/liquidsquid/x-tools/avr/lib/gcc/avr/10.0.1]
    arg [-L/home/liquidsquid/x-tools/avr/lib/gcc/avr/10.0.1/../../../../avr/lib] ==> dir [/home/liquidsquid/x-tools/avr/lib/gcc/avr/10.0.1/../../../../avr/lib]
    arg [CMakeFiles/cmTC_a11c4.dir/CMakeCXXCompilerABI.cpp.o] ==> ignore
    arg [-lgcc] ==> lib [gcc]
    arg [-lm] ==> lib [m]
    arg [--start-group] ==> ignore
    arg [-lgcc] ==> lib [gcc]
    arg [-lm] ==> lib [m]
    arg [-lc] ==> lib [c]
    arg [--end-group] ==> ignore
  collapse library dir [/home/liquidsquid/x-tools/avr/lib/gcc/avr/10.0.1] ==> [/home/liquidsquid/x-tools/avr/lib/gcc/avr/10.0.1]
  collapse library dir [/home/liquidsquid/x-tools/avr/lib/gcc/avr/10.0.1/../../../../avr/lib] ==> [/home/liquidsquid/x-tools/avr/avr/lib]
  implicit libs: [gcc;m;gcc;m;c]
  implicit objs: []
  implicit dirs: [/home/liquidsquid/x-tools/avr/lib/gcc/avr/10.0.1;/home/liquidsquid/x-tools/avr/avr/lib]
  implicit fwks: []


